Determining if the pthread_create exist failed with the following output:
Change Dir: /home/dji/ningzian_ws/build/CMakeFiles/CMakeTmp

Run Build Command:"/usr/bin/make" "cmTC_e3a4b/fast"
/usr/bin/make -f CMakeFiles/cmTC_e3a4b.dir/build.make CMakeFiles/cmTC_e3a4b.dir/build
make[1]: Entering directory '/home/dji/ningzian_ws/build/CMakeFiles/CMakeTmp'
Building C object CMakeFiles/cmTC_e3a4b.dir/CheckSymbolExists.c.o
/usr/bin/cc    -o CMakeFiles/cmTC_e3a4b.dir/CheckSymbolExists.c.o   -c /home/dji/ningzian_ws/build/CMakeFiles/CMakeTmp/CheckSymbolExists.c
Linking C executable cmTC_e3a4b
/usr/local/bin/cmake -E cmake_link_script CMakeFiles/cmTC_e3a4b.dir/link.txt --verbose=1
/usr/bin/cc      -rdynamic CMakeFiles/cmTC_e3a4b.dir/CheckSymbolExists.c.o  -o cmTC_e3a4b 
CMakeFiles/cmTC_e3a4b.dir/CheckSymbolExists.c.o: In function `main':
CheckSymbolExists.c:(.text+0x14): undefined reference to `pthread_create'
CheckSymbolExists.c:(.text+0x18): undefined reference to `pthread_create'
collect2: error: ld returned 1 exit status
CMakeFiles/cmTC_e3a4b.dir/build.make:97: recipe for target 'cmTC_e3a4b' failed
make[1]: *** [cmTC_e3a4b] Error 1
make[1]: Leaving directory '/home/dji/ningzian_ws/build/CMakeFiles/CMakeTmp'
Makefile:126: recipe for target 'cmTC_e3a4b/fast' failed
make: *** [cmTC_e3a4b/fast] Error 2

File /home/dji/ningzian_ws/build/CMakeFiles/CMakeTmp/CheckSymbolExists.c:
/* */
#include <pthread.h>

int main(int argc, char** argv)
{
  (void)argv;
#ifndef pthread_create
  return ((int*)(&pthread_create))[argc];
#else
  (void)argc;
  return 0;
#endif
}

Determining if the function pthread_create exists in the pthreads failed with the following output:
Change Dir: /home/dji/ningzian_ws/build/CMakeFiles/CMakeTmp

Run Build Command:"/usr/bin/make" "cmTC_2d886/fast"
/usr/bin/make -f CMakeFiles/cmTC_2d886.dir/build.make CMakeFiles/cmTC_2d886.dir/build
make[1]: Entering directory '/home/dji/ningzian_ws/build/CMakeFiles/CMakeTmp'
Building C object CMakeFiles/cmTC_2d886.dir/CheckFunctionExists.c.o
/usr/bin/cc   -DCHECK_FUNCTION_EXISTS=pthread_create   -o CMakeFiles/cmTC_2d886.dir/CheckFunctionExists.c.o   -c /usr/local/share/cmake-3.10/Modules/CheckFunctionExists.c
Linking C executable cmTC_2d886
/usr/local/bin/cmake -E cmake_link_script CMakeFiles/cmTC_2d886.dir/link.txt --verbose=1
/usr/bin/cc  -DCHECK_FUNCTION_EXISTS=pthread_create    -rdynamic CMakeFiles/cmTC_2d886.dir/CheckFunctionExists.c.o  -o cmTC_2d886 -lpthreads 
/usr/bin/ld: cannot find -lpthreads
collect2: error: ld returned 1 exit status
CMakeFiles/cmTC_2d886.dir/build.make:97: recipe for target 'cmTC_2d886' failed
make[1]: *** [cmTC_2d886] Error 1
make[1]: Leaving directory '/home/dji/ningzian_ws/build/CMakeFiles/CMakeTmp'
Makefile:126: recipe for target 'cmTC_2d886/fast' failed
make: *** [cmTC_2d886/fast] Error 2


Performing C SOURCE FILE Test CMAKE_HAVE_LIBC_PTHREAD failed with the following output:
Change Dir: /home/dji/ningzian_ws/build/CMakeFiles/CMakeTmp

Run Build Command(s):/usr/bin/make -f Makefile cmTC_dae7f/fast && make[1]: Entering directory '/home/dji/ningzian_ws/build/CMakeFiles/CMakeTmp'
/usr/bin/make  -f CMakeFiles/cmTC_dae7f.dir/build.make CMakeFiles/cmTC_dae7f.dir/build
make[2]: Entering directory '/home/dji/ningzian_ws/build/CMakeFiles/CMakeTmp'
Building C object CMakeFiles/cmTC_dae7f.dir/src.c.o
/usr/bin/cc -DCMAKE_HAVE_LIBC_PTHREAD   -o CMakeFiles/cmTC_dae7f.dir/src.c.o -c /home/dji/ningzian_ws/build/CMakeFiles/CMakeTmp/src.c
Linking C executable cmTC_dae7f
/usr/bin/cmake -E cmake_link_script CMakeFiles/cmTC_dae7f.dir/link.txt --verbose=1
/usr/bin/cc -rdynamic CMakeFiles/cmTC_dae7f.dir/src.c.o -o cmTC_dae7f 
CMakeFiles/cmTC_dae7f.dir/src.c.o: In function `main':
src.c:(.text+0x48): undefined reference to `pthread_create'
src.c:(.text+0x50): undefined reference to `pthread_detach'
src.c:(.text+0x58): undefined reference to `pthread_cancel'
src.c:(.text+0x64): undefined reference to `pthread_join'
src.c:(.text+0x74): undefined reference to `pthread_atfork'
collect2: error: ld returned 1 exit status
CMakeFiles/cmTC_dae7f.dir/build.make:98: recipe for target 'cmTC_dae7f' failed
make[2]: *** [cmTC_dae7f] Error 1
make[2]: Leaving directory '/home/dji/ningzian_ws/build/CMakeFiles/CMakeTmp'
Makefile:127: recipe for target 'cmTC_dae7f/fast' failed
make[1]: *** [cmTC_dae7f/fast] Error 2
make[1]: Leaving directory '/home/dji/ningzian_ws/build/CMakeFiles/CMakeTmp'


Source file was:
#include <pthread.h>

static void* test_func(void* data)
{
  return data;
}

int main(void)
{
  pthread_t thread;
  pthread_create(&thread, NULL, test_func, NULL);
  pthread_detach(thread);
  pthread_cancel(thread);
  pthread_join(thread, NULL);
  pthread_atfork(NULL, NULL, NULL);
  pthread_exit(NULL);

  return 0;
}

